[DEBUG]2019-03-01 13:52:57,305-==>  Preparing: select * from t_user where name=? 
[DEBUG]2019-03-01 13:52:57,333-==> Parameters: eric(String)
[DEBUG]2019-03-01 13:52:57,556-<==      Total: 1
[DEBUG]2019-03-01 13:52:57,569-==>  Preparing: update shiro.t_user set password = ? where id=? 
[DEBUG]2019-03-01 13:52:57,570-==> Parameters: ef83d5a0a7e52c2bab29db9d4026ae4f(String), 1(Integer)
[DEBUG]2019-03-01 13:58:19,493-==>  Preparing: select * from t_user where name=? 
[DEBUG]2019-03-01 13:58:19,566-==> Parameters: eric(String)
[DEBUG]2019-03-01 13:58:19,581-<==      Total: 1
[DEBUG]2019-03-01 13:58:19,601-==>  Preparing: update shiro.t_user set password = ? where id=? 
[DEBUG]2019-03-01 13:58:19,601-==> Parameters: ef83d5a0a7e52c2bab29db9d4026ae4f(String), 1(Integer)
[DEBUG]2019-03-01 14:02:11,511-==>  Preparing: select * from t_user where name=? 
[DEBUG]2019-03-01 14:02:11,563-==> Parameters: eric(String)
[DEBUG]2019-03-01 14:02:11,583-<==      Total: 1
[DEBUG]2019-03-01 14:02:11,601-==>  Preparing: update shiro.t_user set password = ? where id=? 
[DEBUG]2019-03-01 14:02:11,602-==> Parameters: ef83d5a0a7e52c2bab29db9d4026ae4f(String), 1(Integer)
[DEBUG]2019-03-04 20:26:56,278-==>  Preparing: select * from t_user where name=? 
[DEBUG]2019-03-04 20:26:56,308-==> Parameters: eric(String)
[DEBUG]2019-03-04 20:26:56,346-<==      Total: 1
[DEBUG]2019-03-04 20:26:56,358-==>  Preparing: update shiro.t_user set password = ? where id=? 
[DEBUG]2019-03-04 20:26:56,359-==> Parameters: ef83d5a0a7e52c2bab29db9d4026ae4f(String), 1(Integer)
