[DEBUG]2019-01-14 04:31:25,322-==>  Preparing: select * from t_user where name=? 
[DEBUG]2019-01-14 04:31:25,352-==> Parameters: eric(String)
[DEBUG]2019-01-14 04:31:25,362-<==      Total: 1
[DEBUG]2019-01-14 04:31:25,382-==>  Preparing: update shiro.t_user set password = ? where id=? 
[DEBUG]2019-01-14 04:31:25,382-==> Parameters: ef83d5a0a7e52c2bab29db9d4026ae4f(String), 1(Integer)
[DEBUG]2019-01-14 04:39:40,779-==>  Preparing: select * from t_user where name=? 
[DEBUG]2019-01-14 04:39:40,799-==> Parameters: eric(String)
[DEBUG]2019-01-14 04:39:40,809-<==      Total: 1
[DEBUG]2019-01-14 04:39:40,819-==>  Preparing: update shiro.t_user set password = ? where id=? 
[DEBUG]2019-01-14 04:39:40,819-==> Parameters: ef83d5a0a7e52c2bab29db9d4026ae4f(String), 1(Integer)
[DEBUG]2019-01-14 04:48:11,057-==>  Preparing: select * from t_user where name=? 
[DEBUG]2019-01-14 04:48:11,087-==> Parameters: eric(String)
[DEBUG]2019-01-14 04:48:11,107-<==      Total: 1
[DEBUG]2019-01-14 04:48:11,117-==>  Preparing: update shiro.t_user set password = ? where id=? 
[DEBUG]2019-01-14 04:48:11,127-==> Parameters: ef83d5a0a7e52c2bab29db9d4026ae4f(String), 1(Integer)
[DEBUG]2019-01-14 04:51:12,961-==>  Preparing: select * from t_user where name=? 
[DEBUG]2019-01-14 04:51:12,985-==> Parameters: eric(String)
[DEBUG]2019-01-14 04:51:13,007-<==      Total: 1
[DEBUG]2019-01-14 04:51:13,020-==>  Preparing: update shiro.t_user set password = ? where id=? 
[DEBUG]2019-01-14 04:51:13,021-==> Parameters: ef83d5a0a7e52c2bab29db9d4026ae4f(String), 1(Integer)
[DEBUG]2019-01-14 05:18:15,066-==>  Preparing: select * from t_user where name=? 
[DEBUG]2019-01-14 05:18:15,096-==> Parameters: eric(String)
[DEBUG]2019-01-14 05:18:15,106-<==      Total: 1
[DEBUG]2019-01-14 05:18:15,116-==>  Preparing: update shiro.t_user set password = ? where id=? 
[DEBUG]2019-01-14 05:18:15,116-==> Parameters: ef83d5a0a7e52c2bab29db9d4026ae4f(String), 1(Integer)
[DEBUG]2019-01-14 05:52:38,379-==>  Preparing: select * from t_user where name=? 
[DEBUG]2019-01-14 05:52:38,399-==> Parameters: eric(String)
[DEBUG]2019-01-14 05:52:38,419-<==      Total: 1
[DEBUG]2019-01-14 05:52:38,429-==>  Preparing: update shiro.t_user set password = ? where id=? 
[DEBUG]2019-01-14 05:52:38,429-==> Parameters: ef83d5a0a7e52c2bab29db9d4026ae4f(String), 1(Integer)
[DEBUG]2019-01-14 07:39:12,984-==>  Preparing: select * from t_user where name=? 
[DEBUG]2019-01-14 07:39:13,004-==> Parameters: eric(String)
[DEBUG]2019-01-14 07:39:13,024-<==      Total: 1
[DEBUG]2019-01-14 07:39:13,044-==>  Preparing: update shiro.t_user set password = ? where id=? 
[DEBUG]2019-01-14 07:39:13,044-==> Parameters: ef83d5a0a7e52c2bab29db9d4026ae4f(String), 1(Integer)
